At Tue, 07 Oct 2025 23:31:58 time -> Invalid column is found on file 07_Oct_2025_22:16:27.csv so column name as success is droped
------------------------------------------------------------------------------------------------------------

At Tue, 07 Oct 2025 23:31:58 time -> Invalid column is found on file 07_Oct_2025_22:16:27.csv so column name as terms is droped
------------------------------------------------------------------------------------------------------------

At Tue, 07 Oct 2025 23:31:58 time -> Invalid column is found on file 07_Oct_2025_22:16:27.csv so column name as privacy is droped
------------------------------------------------------------------------------------------------------------

At Tue, 07 Oct 2025 23:31:58 time -> Invalid column is found on file 07_Oct_2025_22:16:27.csv so column name as timestamp is droped
------------------------------------------------------------------------------------------------------------

At Tue, 07 Oct 2025 23:31:58 time -> Invalid column is found on file 07_Oct_2025_22:16:27.csv so column name as source is droped
------------------------------------------------------------------------------------------------------------

At Tue, 07 Oct 2025 23:31:58 time -> Invalid column is found on file 07_Oct_2025_22:16:27.csv so column name as quotes is droped
------------------------------------------------------------------------------------------------------------

At Tue, 07 Oct 2025 23:33:27 time -> Invalid column is found on file 07_Oct_2025_22:16:27.csv so column name as success is droped
------------------------------------------------------------------------------------------------------------

At Tue, 07 Oct 2025 23:33:27 time -> Invalid column is found on file 07_Oct_2025_22:16:27.csv so column name as terms is droped
------------------------------------------------------------------------------------------------------------

At Tue, 07 Oct 2025 23:33:27 time -> Invalid column is found on file 07_Oct_2025_22:16:27.csv so column name as privacy is droped
------------------------------------------------------------------------------------------------------------

At Tue, 07 Oct 2025 23:33:27 time -> Invalid column is found on file 07_Oct_2025_22:16:27.csv so column name as timestamp is droped
------------------------------------------------------------------------------------------------------------

At Tue, 07 Oct 2025 23:33:27 time -> Invalid column is found on file 07_Oct_2025_22:16:27.csv so column name as source is droped
------------------------------------------------------------------------------------------------------------

At Tue, 07 Oct 2025 23:33:27 time -> Invalid column is found on file 07_Oct_2025_22:16:27.csv so column name as quotes is droped
------------------------------------------------------------------------------------------------------------

At Tue, 07 Oct 2025 23:34:11 time -> Invalid column is found on file 07_Oct_2025_22:16:27.csv so column name as success is droped
------------------------------------------------------------------------------------------------------------

At Tue, 07 Oct 2025 23:34:11 time -> Invalid column is found on file 07_Oct_2025_22:16:27.csv so column name as terms is droped
------------------------------------------------------------------------------------------------------------

At Tue, 07 Oct 2025 23:34:11 time -> Invalid column is found on file 07_Oct_2025_22:16:27.csv so column name as privacy is droped
------------------------------------------------------------------------------------------------------------

At Tue, 07 Oct 2025 23:34:11 time -> Invalid column is found on file 07_Oct_2025_22:16:27.csv so column name as timestamp is droped
------------------------------------------------------------------------------------------------------------

At Tue, 07 Oct 2025 23:34:11 time -> Invalid column is found on file 07_Oct_2025_22:16:27.csv so column name as source is droped
------------------------------------------------------------------------------------------------------------

At Tue, 07 Oct 2025 23:34:11 time -> Invalid column is found on file 07_Oct_2025_22:16:27.csv so column name as quotes is droped
------------------------------------------------------------------------------------------------------------

At Tue, 07 Oct 2025 23:35:35 time -> Invalid column is found on file 07_Oct_2025_22:16:27.csv so column name as success is droped
------------------------------------------------------------------------------------------------------------

At Tue, 07 Oct 2025 23:35:35 time -> Invalid column is found on file 07_Oct_2025_22:16:27.csv so column name as terms is droped
------------------------------------------------------------------------------------------------------------

At Tue, 07 Oct 2025 23:35:35 time -> Invalid column is found on file 07_Oct_2025_22:16:27.csv so column name as privacy is droped
------------------------------------------------------------------------------------------------------------

At Tue, 07 Oct 2025 23:35:35 time -> Invalid column is found on file 07_Oct_2025_22:16:27.csv so column name as timestamp is droped
------------------------------------------------------------------------------------------------------------

At Tue, 07 Oct 2025 23:35:35 time -> Invalid column is found on file 07_Oct_2025_22:16:27.csv so column name as source is droped
------------------------------------------------------------------------------------------------------------

At Tue, 07 Oct 2025 23:35:35 time -> Invalid column is found on file 07_Oct_2025_22:16:27.csv so column name as quotes is droped
------------------------------------------------------------------------------------------------------------

At Tue, 07 Oct 2025 23:39:24 time -> Invalid column is found on file 07_Oct_2025_22:16:27.csv so column name as success is droped
------------------------------------------------------------------------------------------------------------

At Tue, 07 Oct 2025 23:39:24 time -> Invalid column is found on file 07_Oct_2025_22:16:27.csv so column name as terms is droped
------------------------------------------------------------------------------------------------------------

At Tue, 07 Oct 2025 23:39:24 time -> Invalid column is found on file 07_Oct_2025_22:16:27.csv so column name as privacy is droped
------------------------------------------------------------------------------------------------------------

At Tue, 07 Oct 2025 23:39:24 time -> Invalid column is found on file 07_Oct_2025_22:16:27.csv so column name as timestamp is droped
------------------------------------------------------------------------------------------------------------

At Tue, 07 Oct 2025 23:39:24 time -> Invalid column is found on file 07_Oct_2025_22:16:27.csv so column name as source is droped
------------------------------------------------------------------------------------------------------------

At Tue, 07 Oct 2025 23:39:24 time -> Invalid column is found on file 07_Oct_2025_22:16:27.csv so column name as quotes is droped
------------------------------------------------------------------------------------------------------------

At Tue, 07 Oct 2025 23:44:31 time -> Invalid column is found on file 07_Oct_2025_22:16:27.csv so column name as success is droped
------------------------------------------------------------------------------------------------------------

At Tue, 07 Oct 2025 23:44:31 time -> Invalid column is found on file 07_Oct_2025_22:16:27.csv so column name as terms is droped
------------------------------------------------------------------------------------------------------------

At Tue, 07 Oct 2025 23:44:31 time -> Invalid column is found on file 07_Oct_2025_22:16:27.csv so column name as privacy is droped
------------------------------------------------------------------------------------------------------------

At Tue, 07 Oct 2025 23:44:31 time -> Invalid column is found on file 07_Oct_2025_22:16:27.csv so column name as timestamp is droped
------------------------------------------------------------------------------------------------------------

At Tue, 07 Oct 2025 23:44:31 time -> Invalid column is found on file 07_Oct_2025_22:16:27.csv so column name as source is droped
------------------------------------------------------------------------------------------------------------

At Tue, 07 Oct 2025 23:44:31 time -> Invalid column is found on file 07_Oct_2025_22:16:27.csv so column name as quotes is droped
------------------------------------------------------------------------------------------------------------

At Tue, 07 Oct 2025 23:44:52 time -> Invalid column is found on file 07_Oct_2025_22:16:27.csv so column name as success is droped
------------------------------------------------------------------------------------------------------------

At Tue, 07 Oct 2025 23:44:52 time -> Invalid column is found on file 07_Oct_2025_22:16:27.csv so column name as terms is droped
------------------------------------------------------------------------------------------------------------

At Tue, 07 Oct 2025 23:44:52 time -> Invalid column is found on file 07_Oct_2025_22:16:27.csv so column name as privacy is droped
------------------------------------------------------------------------------------------------------------

At Tue, 07 Oct 2025 23:44:52 time -> Invalid column is found on file 07_Oct_2025_22:16:27.csv so column name as timestamp is droped
------------------------------------------------------------------------------------------------------------

At Tue, 07 Oct 2025 23:44:52 time -> Invalid column is found on file 07_Oct_2025_22:16:27.csv so column name as source is droped
------------------------------------------------------------------------------------------------------------

At Tue, 07 Oct 2025 23:44:52 time -> Invalid column is found on file 07_Oct_2025_22:16:27.csv so column name as quotes is droped
------------------------------------------------------------------------------------------------------------

At Tue, 07 Oct 2025 23:45:12 time -> Invalid column is found on file 07_Oct_2025_22:16:27.csv so column name as success is droped
------------------------------------------------------------------------------------------------------------

At Tue, 07 Oct 2025 23:45:12 time -> Invalid column is found on file 07_Oct_2025_22:16:27.csv so column name as terms is droped
------------------------------------------------------------------------------------------------------------

At Tue, 07 Oct 2025 23:45:12 time -> Invalid column is found on file 07_Oct_2025_22:16:27.csv so column name as privacy is droped
------------------------------------------------------------------------------------------------------------

At Tue, 07 Oct 2025 23:45:12 time -> Invalid column is found on file 07_Oct_2025_22:16:27.csv so column name as timestamp is droped
------------------------------------------------------------------------------------------------------------

At Tue, 07 Oct 2025 23:45:12 time -> Invalid column is found on file 07_Oct_2025_22:16:27.csv so column name as source is droped
------------------------------------------------------------------------------------------------------------

At Tue, 07 Oct 2025 23:45:12 time -> Invalid column is found on file 07_Oct_2025_22:16:27.csv so column name as quotes is droped
------------------------------------------------------------------------------------------------------------

At Tue, 07 Oct 2025 23:46:50 time -> Invalid column is found on file 07_Oct_2025_22:16:27.csv so column name as success is droped
------------------------------------------------------------------------------------------------------------

At Tue, 07 Oct 2025 23:46:50 time -> Invalid column is found on file 07_Oct_2025_22:16:27.csv so column name as terms is droped
------------------------------------------------------------------------------------------------------------

At Tue, 07 Oct 2025 23:46:50 time -> Invalid column is found on file 07_Oct_2025_22:16:27.csv so column name as privacy is droped
------------------------------------------------------------------------------------------------------------

At Tue, 07 Oct 2025 23:46:50 time -> Invalid column is found on file 07_Oct_2025_22:16:27.csv so column name as timestamp is droped
------------------------------------------------------------------------------------------------------------

At Tue, 07 Oct 2025 23:46:50 time -> Invalid column is found on file 07_Oct_2025_22:16:27.csv so column name as source is droped
------------------------------------------------------------------------------------------------------------

At Tue, 07 Oct 2025 23:46:50 time -> Invalid column is found on file 07_Oct_2025_22:16:27.csv so column name as quotes is droped
------------------------------------------------------------------------------------------------------------

At Tue, 07 Oct 2025 23:47:52 time -> Invalid column is found on file 07_Oct_2025_22:16:27.csv so column name as success is droped
------------------------------------------------------------------------------------------------------------

At Tue, 07 Oct 2025 23:47:52 time -> Invalid column is found on file 07_Oct_2025_22:16:27.csv so column name as terms is droped
------------------------------------------------------------------------------------------------------------

At Tue, 07 Oct 2025 23:47:52 time -> Invalid column is found on file 07_Oct_2025_22:16:27.csv so column name as privacy is droped
------------------------------------------------------------------------------------------------------------

At Tue, 07 Oct 2025 23:47:52 time -> Invalid column is found on file 07_Oct_2025_22:16:27.csv so column name as timestamp is droped
------------------------------------------------------------------------------------------------------------

At Tue, 07 Oct 2025 23:47:52 time -> Invalid column is found on file 07_Oct_2025_22:16:27.csv so column name as source is droped
------------------------------------------------------------------------------------------------------------

At Tue, 07 Oct 2025 23:47:52 time -> Invalid column is found on file 07_Oct_2025_22:16:27.csv so column name as quotes is droped
------------------------------------------------------------------------------------------------------------

At Tue, 07 Oct 2025 23:48:05 time -> Invalid column is found on file 07_Oct_2025_22:16:27.csv so column name as success is droped
------------------------------------------------------------------------------------------------------------

At Tue, 07 Oct 2025 23:48:05 time -> Invalid column is found on file 07_Oct_2025_22:16:27.csv so column name as terms is droped
------------------------------------------------------------------------------------------------------------

At Tue, 07 Oct 2025 23:48:05 time -> Invalid column is found on file 07_Oct_2025_22:16:27.csv so column name as privacy is droped
------------------------------------------------------------------------------------------------------------

At Tue, 07 Oct 2025 23:48:05 time -> Invalid column is found on file 07_Oct_2025_22:16:27.csv so column name as timestamp is droped
------------------------------------------------------------------------------------------------------------

At Tue, 07 Oct 2025 23:48:05 time -> Invalid column is found on file 07_Oct_2025_22:16:27.csv so column name as source is droped
------------------------------------------------------------------------------------------------------------

At Tue, 07 Oct 2025 23:48:05 time -> Invalid column is found on file 07_Oct_2025_22:16:27.csv so column name as quotes is droped
------------------------------------------------------------------------------------------------------------

