
                 
Project:    Currency Exchange (ELT) 
Author :    Bhavani Kishore
Created_on: Mon, 06 Oct 2025 11:19:02
VERSION     :1.0
------------------------------------------------------------------------------------------------------------
                
At Mon, 06 Oct 2025 11:19:02 time -> boolean value error in table in column "success" at code  USDNZD in filie 05_Oct_2025_21:10:15.csv
------------------------------------------------------------------------------------------------------------

At Mon, 06 Oct 2025 11:19:02 time -> boolean value error in table in column "success" at code  USDCAD in filie 05_Oct_2025_21:10:15.csv
------------------------------------------------------------------------------------------------------------

At Mon, 06 Oct 2025 11:19:02 time -> boolean value error in table in column "success" at code  USDCHF in filie 05_Oct_2025_21:10:15.csv
------------------------------------------------------------------------------------------------------------

At Mon, 06 Oct 2025 11:19:02 time -> boolean value error in table in column "success" at code  USDCNY in filie 05_Oct_2025_21:10:15.csv
------------------------------------------------------------------------------------------------------------

At Mon, 06 Oct 2025 11:19:02 time -> boolean value error in table in column "success" at code  USDCNH in filie 05_Oct_2025_21:10:15.csv
------------------------------------------------------------------------------------------------------------

At Mon, 06 Oct 2025 11:19:02 time -> boolean value error in table in column "success" at code  USDSGD in filie 05_Oct_2025_21:10:15.csv
------------------------------------------------------------------------------------------------------------

At Mon, 06 Oct 2025 11:19:02 time -> boolean value error in table in column "success" at code  USDARS in filie 05_Oct_2025_21:10:15.csv
------------------------------------------------------------------------------------------------------------

At Mon, 06 Oct 2025 11:19:02 time -> terms url is not a url  in column "terms" at code  USDHKD in filie 05_Oct_2025_21:10:15.csv so, it is updated by default value "https://currencylayer.com/terms" 
------------------------------------------------------------------------------------------------------------

At Mon, 06 Oct 2025 11:19:02 time -> terms url is not a url  in column "terms" at code  USDTHB in filie 05_Oct_2025_21:10:15.csv so, it is updated by default value "https://currencylayer.com/terms" 
------------------------------------------------------------------------------------------------------------

At Mon, 06 Oct 2025 11:19:02 time -> privacy url is not a url  in column "privacy" at code  USDIDR in filie 05_Oct_2025_21:10:15.csv so, it is updated by default value "https://currencylayer.com/privacy" 
------------------------------------------------------------------------------------------------------------

At Mon, 06 Oct 2025 11:19:02 time -> privacy url is not a url  in column "privacy" at code  USDPHP in filie 05_Oct_2025_21:10:15.csv so, it is updated by default value "https://currencylayer.com/privacy" 
------------------------------------------------------------------------------------------------------------

At Mon, 06 Oct 2025 11:19:02 time -> privacy url is not a url  in column "privacy" at code  USDMXN in filie 05_Oct_2025_21:10:15.csv so, it is updated by default value "https://currencylayer.com/privacy" 
------------------------------------------------------------------------------------------------------------

At Mon, 06 Oct 2025 11:19:02 time -> privacy url is not a url  in column "privacy" at code  USDTRY in filie 05_Oct_2025_21:10:15.csv so, it is updated by default value "https://currencylayer.com/privacy" 
------------------------------------------------------------------------------------------------------------

At Mon, 06 Oct 2025 11:19:02 time -> privacy url is not a url  in column "privacy" at code  USDAED in filie 05_Oct_2025_21:10:15.csv so, it is updated by default value "https://currencylayer.com/privacy" 
------------------------------------------------------------------------------------------------------------

At Mon, 06 Oct 2025 11:19:02 time -> invalid timestamp in column "timestamp" at code  USDEUR in file 05_Oct_2025_21:10:15.csv
------------------------------------------------------------------------------------------------------------

At Mon, 06 Oct 2025 11:19:02 time -> invalid timestamp in column "timestamp" at code  USDJPY in file 05_Oct_2025_21:10:15.csv
------------------------------------------------------------------------------------------------------------

At Mon, 06 Oct 2025 11:19:02 time -> invalid timestamp in column "timestamp" at code  USDGBP in file 05_Oct_2025_21:10:15.csv
------------------------------------------------------------------------------------------------------------

At Mon, 06 Oct 2025 11:19:02 time -> invalid timestamp in column "timestamp" at code  USDAUD in file 05_Oct_2025_21:10:15.csv
------------------------------------------------------------------------------------------------------------

At Mon, 06 Oct 2025 11:19:02 time -> invalid timestamp in column "timestamp" at code  USDHKD in file 05_Oct_2025_21:10:15.csv
------------------------------------------------------------------------------------------------------------

At Mon, 06 Oct 2025 11:19:02 time -> invalid timestamp in column "timestamp" at code  USDINR in file 05_Oct_2025_21:10:15.csv
------------------------------------------------------------------------------------------------------------

At Mon, 06 Oct 2025 11:19:02 time -> invalid timestamp in column "timestamp" at code  USDKRW in file 05_Oct_2025_21:10:15.csv
------------------------------------------------------------------------------------------------------------

At Mon, 06 Oct 2025 11:19:02 time -> invalid timestamp in column "timestamp" at code  USDTWD in file 05_Oct_2025_21:10:15.csv
------------------------------------------------------------------------------------------------------------

At Mon, 06 Oct 2025 11:19:02 time -> invalid timestamp in column "timestamp" at code  USDTHB in file 05_Oct_2025_21:10:15.csv
------------------------------------------------------------------------------------------------------------

At Mon, 06 Oct 2025 11:19:02 time -> invalid timestamp in column "timestamp" at code  USDIDR in file 05_Oct_2025_21:10:15.csv
------------------------------------------------------------------------------------------------------------

At Mon, 06 Oct 2025 11:19:02 time -> invalid timestamp in column "timestamp" at code  USDMYR in file 05_Oct_2025_21:10:15.csv
------------------------------------------------------------------------------------------------------------

At Mon, 06 Oct 2025 11:19:02 time -> invalid timestamp in column "timestamp" at code  USDPHP in file 05_Oct_2025_21:10:15.csv
------------------------------------------------------------------------------------------------------------

At Mon, 06 Oct 2025 11:19:02 time -> invalid timestamp in column "timestamp" at code  USDVND in file 05_Oct_2025_21:10:15.csv
------------------------------------------------------------------------------------------------------------

At Mon, 06 Oct 2025 11:19:02 time -> invalid timestamp in column "timestamp" at code  USDBRL in file 05_Oct_2025_21:10:15.csv
------------------------------------------------------------------------------------------------------------

At Mon, 06 Oct 2025 11:19:02 time -> invalid timestamp in column "timestamp" at code  USDMXN in file 05_Oct_2025_21:10:15.csv
------------------------------------------------------------------------------------------------------------

At Mon, 06 Oct 2025 11:19:02 time -> invalid timestamp in column "timestamp" at code  USDCLP in file 05_Oct_2025_21:10:15.csv
------------------------------------------------------------------------------------------------------------

At Mon, 06 Oct 2025 11:19:02 time -> invalid timestamp in column "timestamp" at code  USDCOP in file 05_Oct_2025_21:10:15.csv
------------------------------------------------------------------------------------------------------------

At Mon, 06 Oct 2025 11:19:02 time -> invalid timestamp in column "timestamp" at code  USDRUB in file 05_Oct_2025_21:10:15.csv
------------------------------------------------------------------------------------------------------------

At Mon, 06 Oct 2025 11:19:02 time -> invalid timestamp in column "timestamp" at code  USDZAR in file 05_Oct_2025_21:10:15.csv
------------------------------------------------------------------------------------------------------------

At Mon, 06 Oct 2025 11:19:02 time -> invalid timestamp in column "timestamp" at code  USDTRY in file 05_Oct_2025_21:10:15.csv
------------------------------------------------------------------------------------------------------------

At Mon, 06 Oct 2025 11:19:02 time -> invalid timestamp in column "timestamp" at code  USDAED in file 05_Oct_2025_21:10:15.csv
------------------------------------------------------------------------------------------------------------

At Mon, 06 Oct 2025 11:19:02 time -> invalid timestamp in column "timestamp" at code  USDSAR in file 05_Oct_2025_21:10:15.csv
------------------------------------------------------------------------------------------------------------

At Mon, 06 Oct 2025 11:19:02 time -> invalid timestamp in column "timestamp" at code  USDQAR in file 05_Oct_2025_21:10:15.csv
------------------------------------------------------------------------------------------------------------

At Mon, 06 Oct 2025 11:19:02 time -> invalid timestamp in column "timestamp" at code  USDKWD in file 05_Oct_2025_21:10:15.csv
------------------------------------------------------------------------------------------------------------

At Mon, 06 Oct 2025 11:19:02 time -> invalid timestamp in column "timestamp" at code  USDBHD in file 05_Oct_2025_21:10:15.csv
------------------------------------------------------------------------------------------------------------

At Mon, 06 Oct 2025 11:19:02 time -> invalid timestamp in column "timestamp" at code  USDOMR in file 05_Oct_2025_21:10:15.csv
------------------------------------------------------------------------------------------------------------

At Mon, 06 Oct 2025 11:19:02 time -> invalid timestamp in column "timestamp" at code  USDILS in file 05_Oct_2025_21:10:15.csv
------------------------------------------------------------------------------------------------------------

